This is pdfTeX, Version 3.1415926-2.4-1.40.13 (TeX Live 2012) (format=pdflatex 2012.6.30)  26 JUN 2013 02:17
entering extended mode
 restricted \write18 enabled.
 file:line:error style messages enabled.
 %&-line parsing enabled.
**rsbib_paper.tex
(./rsbib_paper.tex
LaTeX2e <2011/06/27>
Babel <v3.8m> and hyphenation patterns for english, dumylang, nohyphenation, ge
rman-x-2012-05-30, ngerman-x-2012-05-30, afrikaans, ancientgreek, ibycus, arabi
c, armenian, basque, bulgarian, catalan, pinyin, coptic, croatian, czech, danis
h, dutch, ukenglish, usenglishmax, esperanto, estonian, ethiopic, farsi, finnis
h, french, friulan, galician, german, ngerman, swissgerman, monogreek, greek, h
ungarian, icelandic, assamese, bengali, gujarati, hindi, kannada, malayalam, ma
rathi, oriya, panjabi, tamil, telugu, indonesian, interlingua, irish, italian, 
kurmanji, latin, latvian, lithuanian, mongolian, mongolianlmc, bokmal, nynorsk,
 polish, portuguese, romanian, romansh, russian, sanskrit, serbian, serbianc, s
lovak, slovenian, spanish, swedish, turkish, turkmen, ukrainian, uppersorbian, 
welsh, loaded.
(/usr/local/texlive/2012/texmf-dist/tex/latex/elsarticle/elsarticle.cls
Document Class: elsarticle 2009/09/17, 1.2.0: Elsevier Ltd
\@bls=\dimen102
(/usr/local/texlive/2012/texmf-dist/tex/latex/base/article.cls
Document Class: article 2007/10/19 v1.4h Standard LaTeX document class
(/usr/local/texlive/2012/texmf-dist/tex/latex/base/size12.clo
File: size12.clo 2007/10/19 v1.4h Standard LaTeX file (size option)
)
\c@part=\count79
\c@section=\count80
\c@subsection=\count81
\c@subsubsection=\count82
\c@paragraph=\count83
\c@subparagraph=\count84
\c@figure=\count85
\c@table=\count86
\abovecaptionskip=\skip41
\belowcaptionskip=\skip42
\bibindent=\dimen103
)
(/usr/local/texlive/2012/texmf-dist/tex/latex/graphics/graphicx.sty
Package: graphicx 1999/02/16 v1.0f Enhanced LaTeX Graphics (DPC,SPQR)

(/usr/local/texlive/2012/texmf-dist/tex/latex/graphics/keyval.sty
Package: keyval 1999/03/16 v1.13 key=value parser (DPC)
\KV@toks@=\toks14
)
(/usr/local/texlive/2012/texmf-dist/tex/latex/graphics/graphics.sty
Package: graphics 2009/02/05 v1.0o Standard LaTeX Graphics (DPC,SPQR)

(/usr/local/texlive/2012/texmf-dist/tex/latex/graphics/trig.sty
Package: trig 1999/03/16 v1.09 sin cos tan (DPC)
)
(/usr/local/texlive/2012/texmf-dist/tex/latex/latexconfig/graphics.cfg
File: graphics.cfg 2010/04/23 v1.9 graphics configuration of TeX Live
)
Package graphics Info: Driver file: pdftex.def on input line 91.

(/usr/local/texlive/2012/texmf-dist/tex/latex/pdftex-def/pdftex.def
File: pdftex.def 2011/05/27 v0.06d Graphics/color for pdfTeX

(/usr/local/texlive/2012/texmf-dist/tex/generic/oberdiek/infwarerr.sty
Package: infwarerr 2010/04/08 v1.3 Providing info/warning/error messages (HO)
)
(/usr/local/texlive/2012/texmf-dist/tex/generic/oberdiek/ltxcmds.sty
Package: ltxcmds 2011/11/09 v1.22 LaTeX kernel commands for general use (HO)
)
\Gread@gobject=\count87
))
\Gin@req@height=\dimen104
\Gin@req@width=\dimen105
)
(/usr/local/texlive/2012/texmf-dist/tex/latex/psnfss/pifont.sty
Package: pifont 2005/04/12 PSNFSS-v9.2a Pi font support (SPQR) 
LaTeX Font Info:    Try loading font information for U+pzd on input line 63.

(/usr/local/texlive/2012/texmf-dist/tex/latex/psnfss/upzd.fd
File: upzd.fd 2001/06/04 font definitions for U/pzd.
)
LaTeX Font Info:    Try loading font information for U+psy on input line 64.

(/usr/local/texlive/2012/texmf-dist/tex/latex/psnfss/upsy.fd
File: upsy.fd 2001/06/04 font definitions for U/psy.
))
\c@tnote=\count88
\c@fnote=\count89
\c@cnote=\count90
\c@ead=\count91
\c@author=\count92
\@eadauthor=\toks15
\c@affn=\count93
\absbox=\box26
\keybox=\box27
\Columnwidth=\dimen106
\space@left=\dimen107
\els@boxa=\box28
\els@boxb=\box29
\leftMargin=\dimen108
\@enLab=\toks16
\@sep=\skip43
\@@sep=\skip44

(/usr/local/texlive/2012/texmf-dist/tex/latex/natbib/natbib.sty
Package: natbib 2010/09/13 8.31b (PWD, AO)
\bibhang=\skip45
\bibsep=\skip46
LaTeX Info: Redefining \cite on input line 694.
\c@NAT@ctr=\count94
)
\splwrite=\write3
\openout3 = `rsbib_paper.spl'.


(/usr/local/texlive/2012/texmf-dist/tex/latex/geometry/geometry.sty
Package: geometry 2010/09/12 v5.6 Page Geometry

(/usr/local/texlive/2012/texmf-dist/tex/generic/oberdiek/ifpdf.sty
Package: ifpdf 2011/01/30 v2.3 Provides the ifpdf switch (HO)
Package ifpdf Info: pdfTeX in PDF mode is detected.
)
(/usr/local/texlive/2012/texmf-dist/tex/generic/oberdiek/ifvtex.sty
Package: ifvtex 2010/03/01 v1.5 Detect VTeX and its facilities (HO)
Package ifvtex Info: VTeX not detected.
)
(/usr/local/texlive/2012/texmf-dist/tex/generic/ifxetex/ifxetex.sty
Package: ifxetex 2010/09/12 v0.6 Provides ifxetex conditional
)
\Gm@cnth=\count95
\Gm@cntv=\count96
\c@Gm@tempcnt=\count97
\Gm@bindingoffset=\dimen109
\Gm@wd@mp=\dimen110
\Gm@odd@mp=\dimen111
\Gm@even@mp=\dimen112
\Gm@layoutwidth=\dimen113
\Gm@layoutheight=\dimen114
\Gm@layouthoffset=\dimen115
\Gm@layoutvoffset=\dimen116
\Gm@dimlist=\toks17
)
(/usr/local/texlive/2012/texmf-dist/tex/latex/base/fleqn.clo
File: fleqn.clo 1998/08/17 v1.1c Standard LaTeX option (flush left equations)
\mathindent=\dimen117
))
(/usr/local/texlive/2012/texmf-dist/tex/latex/amsmath/amsmath.sty
Package: amsmath 2000/07/18 v2.13 AMS math features
\@mathmargin=\skip47

For additional information on amsmath, use the `?' option.
(/usr/local/texlive/2012/texmf-dist/tex/latex/amsmath/amstext.sty
Package: amstext 2000/06/29 v2.01

(/usr/local/texlive/2012/texmf-dist/tex/latex/amsmath/amsgen.sty
File: amsgen.sty 1999/11/30 v2.0
\@emptytoks=\toks18
\ex@=\dimen118
))
(/usr/local/texlive/2012/texmf-dist/tex/latex/amsmath/amsbsy.sty
Package: amsbsy 1999/11/29 v1.2d
\pmbraise@=\dimen119
)
(/usr/local/texlive/2012/texmf-dist/tex/latex/amsmath/amsopn.sty
Package: amsopn 1999/12/14 v2.01 operator names
)
\inf@bad=\count98
LaTeX Info: Redefining \frac on input line 211.
\uproot@=\count99
\leftroot@=\count100
LaTeX Info: Redefining \overline on input line 307.
\classnum@=\count101
\DOTSCASE@=\count102
LaTeX Info: Redefining \ldots on input line 379.
LaTeX Info: Redefining \dots on input line 382.
LaTeX Info: Redefining \cdots on input line 467.
\Mathstrutbox@=\box30
\strutbox@=\box31
\big@size=\dimen120
LaTeX Font Info:    Redeclaring font encoding OML on input line 567.
LaTeX Font Info:    Redeclaring font encoding OMS on input line 568.
\macc@depth=\count103
\c@MaxMatrixCols=\count104
\dotsspace@=\muskip10
\c@parentequation=\count105
\dspbrk@lvl=\count106
\tag@help=\toks19
\row@=\count107
\column@=\count108
\maxfields@=\count109
\andhelp@=\toks20
\eqnshift@=\dimen121
\alignsep@=\dimen122
\tagshift@=\dimen123
\tagwidth@=\dimen124
\totwidth@=\dimen125
\lineht@=\dimen126
\@envbody=\toks21
\multlinegap=\skip48
\multlinetaggap=\skip49
\mathdisplay@stack=\toks22
LaTeX Info: Redefining \[ on input line 2666.
LaTeX Info: Redefining \] on input line 2667.
)
(/usr/local/texlive/2012/texmf-dist/tex/latex/amsfonts/amsfonts.sty
Package: amsfonts 2009/06/22 v3.00 Basic AMSFonts support
\symAMSa=\mathgroup4
\symAMSb=\mathgroup5
LaTeX Font Info:    Overwriting math alphabet `\mathfrak' in version `bold'
(Font)                  U/euf/m/n --> U/euf/b/n on input line 96.
)
(/usr/local/texlive/2012/texmf-dist/tex/latex/amsfonts/amssymb.sty
Package: amssymb 2009/06/22 v3.00
)
(/usr/local/texlive/2012/texmf-dist/tex/latex/tools/bm.sty
Package: bm 2004/02/26 v1.1c Bold Symbol Support (DPC/FMi)
\symboldoperators=\mathgroup6
\symboldletters=\mathgroup7
\symboldsymbols=\mathgroup8
LaTeX Font Info:    Redeclaring math alphabet \mathbf on input line 138.
LaTeX Info: Redefining \bm on input line 204.
)
(/usr/local/texlive/2012/texmf-dist/tex/latex/multirow/multirow.sty
\bigstrutjot=\dimen127
)
(/usr/local/texlive/2012/texmf-dist/tex/latex/algorithmicx/algpseudocode.sty
Package: algpseudocode 

(/usr/local/texlive/2012/texmf-dist/tex/latex/base/ifthen.sty
Package: ifthen 2001/05/26 v1.1c Standard LaTeX ifthen package (DPC)
)
(/usr/local/texlive/2012/texmf-dist/tex/latex/algorithmicx/algorithmicx.sty
Package: algorithmicx 2005/04/27 v1.2 Algorithmicx

Document Style algorithmicx 1.2 - a greatly improved `algorithmic' style
\c@ALG@line=\count110
\c@ALG@rem=\count111
\c@ALG@nested=\count112
\ALG@tlm=\skip50
\ALG@thistlm=\skip51
\c@ALG@Lnr=\count113
\c@ALG@blocknr=\count114
\c@ALG@storecount=\count115
\c@ALG@tmpcounter=\count116
\ALG@tmplength=\skip52
)
Document Style - pseudocode environments for use with the `algorithmicx' style
) (/usr/local/texlive/2012/texmf-dist/tex/latex/url/url.sty
\Urlmuskip=\muskip11
Package: url 2006/04/12  ver 3.3  Verb mode for urls, etc.
)
(/usr/local/texlive/2012/texmf-dist/tex/latex/hyperref/hyperref.sty
Package: hyperref 2012/05/13 v6.82q Hypertext links for LaTeX

(/usr/local/texlive/2012/texmf-dist/tex/generic/oberdiek/hobsub-hyperref.sty
Package: hobsub-hyperref 2012/05/28 v1.13 Bundle oberdiek, subset hyperref (HO)


(/usr/local/texlive/2012/texmf-dist/tex/generic/oberdiek/hobsub-generic.sty
Package: hobsub-generic 2012/05/28 v1.13 Bundle oberdiek, subset generic (HO)
Package: hobsub 2012/05/28 v1.13 Construct package bundles (HO)
Package hobsub Info: Skipping package `infwarerr' (already loaded).
Package hobsub Info: Skipping package `ltxcmds' (already loaded).
Package: ifluatex 2010/03/01 v1.3 Provides the ifluatex switch (HO)
Package ifluatex Info: LuaTeX not detected.
Package hobsub Info: Skipping package `ifvtex' (already loaded).
Package: intcalc 2007/09/27 v1.1 Expandable calculations with integers (HO)
Package hobsub Info: Skipping package `ifpdf' (already loaded).
Package: etexcmds 2011/02/16 v1.5 Avoid name clashes with e-TeX commands (HO)
Package etexcmds Info: Could not find \expanded.
(etexcmds)             That can mean that you are not using pdfTeX 1.50 or
(etexcmds)             that some package has redefined \expanded.
(etexcmds)             In the latter case, load this package earlier.
Package: kvsetkeys 2012/04/25 v1.16 Key value parser (HO)
Package: kvdefinekeys 2011/04/07 v1.3 Define keys (HO)
Package: pdftexcmds 2011/11/29 v0.20 Utility functions of pdfTeX for LuaTeX (HO
)
Package pdftexcmds Info: LuaTeX not detected.
Package pdftexcmds Info: \pdf@primitive is available.
Package pdftexcmds Info: \pdf@ifprimitive is available.
Package pdftexcmds Info: \pdfdraftmode found.
Package: pdfescape 2011/11/25 v1.13 Implements pdfTeX's escape features (HO)
Package: bigintcalc 2012/04/08 v1.3 Expandable calculations on big integers (HO
)
Package: bitset 2011/01/30 v1.1 Handle bit-vector datatype (HO)
Package: uniquecounter 2011/01/30 v1.2 Provide unlimited unique counter (HO)
)
Package hobsub Info: Skipping package `hobsub' (already loaded).
Package: letltxmacro 2010/09/02 v1.4 Let assignment for LaTeX macros (HO)
Package: hopatch 2012/05/28 v1.2 Wrapper for package hooks (HO)
Package: xcolor-patch 2011/01/30 xcolor patch
Package: atveryend 2011/06/30 v1.8 Hooks at the very end of document (HO)
Package atveryend Info: \enddocument detected (standard20110627).
Package: atbegshi 2011/10/05 v1.16 At begin shipout hook (HO)
Package: refcount 2011/10/16 v3.4 Data extraction from label references (HO)
Package: hycolor 2011/01/30 v1.7 Color options for hyperref/bookmark (HO)
)
(/usr/local/texlive/2012/texmf-dist/tex/latex/oberdiek/kvoptions.sty
Package: kvoptions 2011/06/30 v3.11 Key value format for package options (HO)
)
\@linkdim=\dimen128
\Hy@linkcounter=\count117
\Hy@pagecounter=\count118

(/usr/local/texlive/2012/texmf-dist/tex/latex/hyperref/pd1enc.def
File: pd1enc.def 2012/05/13 v6.82q Hyperref: PDFDocEncoding definition (HO)
)
\Hy@SavedSpaceFactor=\count119

(/usr/local/texlive/2012/texmf-dist/tex/latex/latexconfig/hyperref.cfg
File: hyperref.cfg 2002/06/06 v1.2 hyperref configuration of TeXLive
)
Package hyperref Info: Option `breaklinks' set `true' on input line 3941.


Package hyperref Warning: Option `letterpaper' is no longer used.

Package hyperref Info: Option `colorlinks' set `true' on input line 3941.
Package hyperref Info: Option `bookmarks' set `false' on input line 3941.
Package hyperref Info: Hyper figures OFF on input line 4062.
Package hyperref Info: Link nesting OFF on input line 4067.
Package hyperref Info: Hyper index ON on input line 4070.
Package hyperref Info: Plain pages OFF on input line 4077.
Package hyperref Info: Backreferencing OFF on input line 4082.
Package hyperref Info: Implicit mode ON; LaTeX internals redefined.
Package hyperref Info: Bookmarks OFF on input line 4306.
\c@Hy@tempcnt=\count120
LaTeX Info: Redefining \url on input line 4653.
\Fld@menulength=\count121
\Field@Width=\dimen129
\Fld@charsize=\dimen130
Package hyperref Info: Hyper figures OFF on input line 5773.
Package hyperref Info: Link nesting OFF on input line 5778.
Package hyperref Info: Hyper index ON on input line 5781.
Package hyperref Info: backreferencing OFF on input line 5788.
Package hyperref Info: Link coloring ON on input line 5791.
Package hyperref Info: Link coloring with OCG OFF on input line 5798.
Package hyperref Info: PDF/A mode OFF on input line 5803.
LaTeX Info: Redefining \ref on input line 5843.
LaTeX Info: Redefining \pageref on input line 5847.
\Hy@abspage=\count122
\c@Item=\count123
\c@Hfootnote=\count124
)

Package hyperref Message: Driver (autodetected): hpdftex.

(/usr/local/texlive/2012/texmf-dist/tex/latex/hyperref/hpdftex.def
File: hpdftex.def 2012/05/13 v6.82q Hyperref driver for pdfTeX
\Fld@listcount=\count125
\c@bookmark@seq@number=\count126

(/usr/local/texlive/2012/texmf-dist/tex/latex/oberdiek/rerunfilecheck.sty
Package: rerunfilecheck 2011/04/15 v1.7 Rerun checks for auxiliary files (HO)
Package uniquecounter Info: New unique counter `rerunfilecheck' on input line 2
82.
)
\Hy@SectionHShift=\skip53
)
(/usr/local/texlive/2012/texmf-dist/tex/latex/xcolor/xcolor.sty
Package: xcolor 2007/01/21 v2.11 LaTeX color extensions (UK)

(/usr/local/texlive/2012/texmf-dist/tex/latex/latexconfig/color.cfg
File: color.cfg 2007/01/18 v1.5 color configuration of teTeX/TeXLive
)
Package xcolor Info: Driver file: pdftex.def on input line 225.

(/usr/local/texlive/2012/texmf-dist/tex/latex/colortbl/colortbl.sty
Package: colortbl 2012/02/13 v1.0a Color table columns (DPC)

(/usr/local/texlive/2012/texmf-dist/tex/latex/tools/array.sty
Package: array 2008/09/09 v2.4c Tabular extension package (FMi)
\col@sep=\dimen131
\extrarowheight=\dimen132
\NC@list=\toks23
\extratabsurround=\skip54
\backup@length=\skip55
)
\everycr=\toks24
\minrowclearance=\skip56
)
\rownum=\count127
Package xcolor Info: Model `cmy' substituted by `cmy0' on input line 1337.
Package xcolor Info: Model `hsb' substituted by `rgb' on input line 1341.
Package xcolor Info: Model `RGB' extended on input line 1353.
Package xcolor Info: Model `HTML' substituted by `rgb' on input line 1355.
Package xcolor Info: Model `Hsb' substituted by `hsb' on input line 1356.
Package xcolor Info: Model `tHsb' substituted by `hsb' on input line 1357.
Package xcolor Info: Model `HSB' substituted by `hsb' on input line 1358.
Package xcolor Info: Model `Gray' substituted by `gray' on input line 1359.
Package xcolor Info: Model `wave' substituted by `hsb' on input line 1360.
)
(/usr/local/texlive/2012/texmf-dist/tex/latex/lineno/lineno.sty
Package: lineno 2005/11/02 line numbers on paragraphs v4.41
\linenopenalty=\count128
\output=\toks25
\linenoprevgraf=\count129
\linenumbersep=\dimen133
\linenumberwidth=\dimen134
\c@linenumber=\count130
\c@pagewiselinenumber=\count131
\c@LN@truepage=\count132
\c@internallinenumber=\count133
\c@internallinenumbers=\count134
\quotelinenumbersep=\dimen135
\bframerule=\dimen136
\bframesep=\dimen137
\bframebox=\box32
LaTeX Info: Redefining \\ on input line 3056.
)
(/usr/local/texlive/2012/texmf-dist/tex/latex/varwidth/varwidth.sty
Package: varwidth 2009/03/30 ver 0.92;  Variable-width minipages
\@vwid@box=\box33
\sift@deathcycles=\count135
\@vwid@loff=\dimen138
\@vwid@roff=\dimen139
)

Package hyperref Warning: Option `pdftex' has already been used,
(hyperref)                setting the option has no effect on input line 42.

Package hyperref Info: Option `breaklinks' set `true' on input line 42.
Package hyperref Info: Option `colorlinks' set `true' on input line 42.
(/usr/local/texlive/2012/texmf-dist/tex/generic/ulem/ulem.sty
\UL@box=\box34
\UL@hyphenbox=\box35
\UL@skip=\skip57
\UL@hook=\toks26
\UL@height=\dimen140
\UL@pe=\count136
\UL@pixel=\dimen141
\ULC@box=\box36
Package: ulem 2012/05/18
\ULdepth=\dimen142
)
(/usr/local/texlive/2012/texmf-dist/tex/latex/mnsymbol/MnSymbol.sty
Package: MnSymbol 2007/01/21 v1.4 support for the MnSymbol font

(/usr/local/texlive/2012/texmf-dist/tex/latex/base/textcomp.sty
Package: textcomp 2005/09/27 v1.99g Standard LaTeX package
Package textcomp Info: Sub-encoding information:
(textcomp)               5 = only ISO-Adobe without \textcurrency
(textcomp)               4 = 5 + \texteuro
(textcomp)               3 = 4 + \textohm
(textcomp)               2 = 3 + \textestimated + \textcurrency
(textcomp)               1 = TS1 - \textcircled - \t
(textcomp)               0 = TS1 (full)
(textcomp)             Font families with sub-encoding setting implement
(textcomp)             only a restricted character set as indicated.
(textcomp)             Family '?' is the default used for unknown fonts.
(textcomp)             See the documentation for details.
Package textcomp Info: Setting ? sub-encoding to TS1/1 on input line 71.

(/usr/local/texlive/2012/texmf-dist/tex/latex/base/ts1enc.def
File: ts1enc.def 2001/06/05 v3.0e (jk/car/fm) Standard LaTeX file
)
LaTeX Info: Redefining \oldstylenums on input line 266.
Package textcomp Info: Setting cmr sub-encoding to TS1/0 on input line 281.
Package textcomp Info: Setting cmss sub-encoding to TS1/0 on input line 282.
Package textcomp Info: Setting cmtt sub-encoding to TS1/0 on input line 283.
Package textcomp Info: Setting cmvtt sub-encoding to TS1/0 on input line 284.
Package textcomp Info: Setting cmbr sub-encoding to TS1/0 on input line 285.
Package textcomp Info: Setting cmtl sub-encoding to TS1/0 on input line 286.
Package textcomp Info: Setting ccr sub-encoding to TS1/0 on input line 287.
Package textcomp Info: Setting ptm sub-encoding to TS1/4 on input line 288.
Package textcomp Info: Setting pcr sub-encoding to TS1/4 on input line 289.
Package textcomp Info: Setting phv sub-encoding to TS1/4 on input line 290.
Package textcomp Info: Setting ppl sub-encoding to TS1/3 on input line 291.
Package textcomp Info: Setting pag sub-encoding to TS1/4 on input line 292.
Package textcomp Info: Setting pbk sub-encoding to TS1/4 on input line 293.
Package textcomp Info: Setting pnc sub-encoding to TS1/4 on input line 294.
Package textcomp Info: Setting pzc sub-encoding to TS1/4 on input line 295.
Package textcomp Info: Setting bch sub-encoding to TS1/4 on input line 296.
Package textcomp Info: Setting put sub-encoding to TS1/5 on input line 297.
Package textcomp Info: Setting uag sub-encoding to TS1/5 on input line 298.
Package textcomp Info: Setting ugq sub-encoding to TS1/5 on input line 299.
Package textcomp Info: Setting ul8 sub-encoding to TS1/4 on input line 300.
Package textcomp Info: Setting ul9 sub-encoding to TS1/4 on input line 301.
Package textcomp Info: Setting augie sub-encoding to TS1/5 on input line 302.
Package textcomp Info: Setting dayrom sub-encoding to TS1/3 on input line 303.
Package textcomp Info: Setting dayroms sub-encoding to TS1/3 on input line 304.

Package textcomp Info: Setting pxr sub-encoding to TS1/0 on input line 305.
Package textcomp Info: Setting pxss sub-encoding to TS1/0 on input line 306.
Package textcomp Info: Setting pxtt sub-encoding to TS1/0 on input line 307.
Package textcomp Info: Setting txr sub-encoding to TS1/0 on input line 308.
Package textcomp Info: Setting txss sub-encoding to TS1/0 on input line 309.
Package textcomp Info: Setting txtt sub-encoding to TS1/0 on input line 310.
Package textcomp Info: Setting lmr sub-encoding to TS1/0 on input line 311.
Package textcomp Info: Setting lmdh sub-encoding to TS1/0 on input line 312.
Package textcomp Info: Setting lmss sub-encoding to TS1/0 on input line 313.
Package textcomp Info: Setting lmssq sub-encoding to TS1/0 on input line 314.
Package textcomp Info: Setting lmvtt sub-encoding to TS1/0 on input line 315.
Package textcomp Info: Setting qhv sub-encoding to TS1/0 on input line 316.
Package textcomp Info: Setting qag sub-encoding to TS1/0 on input line 317.
Package textcomp Info: Setting qbk sub-encoding to TS1/0 on input line 318.
Package textcomp Info: Setting qcr sub-encoding to TS1/0 on input line 319.
Package textcomp Info: Setting qcs sub-encoding to TS1/0 on input line 320.
Package textcomp Info: Setting qpl sub-encoding to TS1/0 on input line 321.
Package textcomp Info: Setting qtm sub-encoding to TS1/0 on input line 322.
Package textcomp Info: Setting qzc sub-encoding to TS1/0 on input line 323.
Package textcomp Info: Setting qhvc sub-encoding to TS1/0 on input line 324.
Package textcomp Info: Setting futs sub-encoding to TS1/4 on input line 325.
Package textcomp Info: Setting futx sub-encoding to TS1/4 on input line 326.
Package textcomp Info: Setting futj sub-encoding to TS1/4 on input line 327.
Package textcomp Info: Setting hlh sub-encoding to TS1/3 on input line 328.
Package textcomp Info: Setting hls sub-encoding to TS1/3 on input line 329.
Package textcomp Info: Setting hlst sub-encoding to TS1/3 on input line 330.
Package textcomp Info: Setting hlct sub-encoding to TS1/5 on input line 331.
Package textcomp Info: Setting hlx sub-encoding to TS1/5 on input line 332.
Package textcomp Info: Setting hlce sub-encoding to TS1/5 on input line 333.
Package textcomp Info: Setting hlcn sub-encoding to TS1/5 on input line 334.
Package textcomp Info: Setting hlcw sub-encoding to TS1/5 on input line 335.
Package textcomp Info: Setting hlcf sub-encoding to TS1/5 on input line 336.
Package textcomp Info: Setting pplx sub-encoding to TS1/3 on input line 337.
Package textcomp Info: Setting pplj sub-encoding to TS1/3 on input line 338.
Package textcomp Info: Setting ptmx sub-encoding to TS1/4 on input line 339.
Package textcomp Info: Setting ptmj sub-encoding to TS1/4 on input line 340.
)
LaTeX Info: Redefining \dagger on input line 84.
LaTeX Info: Redefining \ddagger on input line 84.
LaTeX Info: Redefining \mathparagraph on input line 84.
LaTeX Info: Redefining \mathsection on input line 84.
LaTeX Info: Redefining \mathdollar on input line 84.
LaTeX Info: Redefining \mathsterling on input line 84.
LaTeX Info: Redefining \yen on input line 84.
LaTeX Info: Redefining \circledR on input line 84.
LaTeX Info: Redefining \circledS on input line 84.
LaTeX Info: Redefining \Re on input line 84.
LaTeX Info: Redefining \Im on input line 84.
LaTeX Info: Redefining \dotplus on input line 84.
LaTeX Info: Redefining \thicksim on input line 84.
LaTeX Info: Redefining \thickapprox on input line 84.
LaTeX Info: Redefining \veebar on input line 84.
LaTeX Info: Redefining \barwedge on input line 84.
LaTeX Info: Redefining \doublebarwedge on input line 84.
LaTeX Info: Redefining \centerdot on input line 84.
LaTeX Info: Redefining \divideontimes on input line 84.
\symMnSyA=\mathgroup9
\symMnSyB=\mathgroup10
\symMnSyC=\mathgroup11
\symMnSyD=\mathgroup12
LaTeX Font Info:    Redeclaring symbol font `largesymbols' on input line 119.
LaTeX Font Info:    Overwriting symbol font `largesymbols' in version `normal'
(Font)                  OMX/cmex/m/n --> OMX/MnSymbolE/m/n on input line 119.
LaTeX Font Info:    Overwriting symbol font `largesymbols' in version `bold'
(Font)                  OMX/cmex/m/n --> OMX/MnSymbolE/m/n on input line 119.
LaTeX Font Info:    Redeclaring symbol font `symbols' on input line 120.
LaTeX Font Info:    Encoding `OMS' has changed to `U' for symbol font
(Font)              `symbols' in the math version `normal' on input line 120.
LaTeX Font Info:    Overwriting symbol font `symbols' in version `normal'
(Font)                  OMS/cmsy/m/n --> U/MnSymbolF/m/n on input line 120.
LaTeX Font Info:    Encoding `OMS' has changed to `U' for symbol font
(Font)              `symbols' in the math version `bold' on input line 120.
LaTeX Font Info:    Overwriting symbol font `symbols' in version `bold'
(Font)                  OMS/cmsy/b/n --> U/MnSymbolF/m/n on input line 120.
LaTeX Font Info:    Overwriting symbol font `MnSyA' in version `bold'
(Font)                  U/MnSymbolA/m/n --> U/MnSymbolA/b/n on input line 121.
LaTeX Font Info:    Overwriting symbol font `MnSyB' in version `bold'
(Font)                  U/MnSymbolB/m/n --> U/MnSymbolB/b/n on input line 122.
LaTeX Font Info:    Overwriting symbol font `MnSyC' in version `bold'
(Font)                  U/MnSymbolC/m/n --> U/MnSymbolC/b/n on input line 123.
LaTeX Font Info:    Overwriting symbol font `MnSyD' in version `bold'
(Font)                  U/MnSymbolD/m/n --> U/MnSymbolD/b/n on input line 124.
LaTeX Font Info:    Overwriting symbol font `largesymbols' in version `bold'
(Font)                  OMX/MnSymbolE/m/n --> OMX/MnSymbolE/b/n on input line 1
25.
LaTeX Font Info:    Overwriting symbol font `symbols' in version `bold'
(Font)                  U/MnSymbolF/m/n --> U/MnSymbolF/b/n on input line 126.
LaTeX Font Info:    Redeclaring math alphabet \mathcal on input line 241.
LaTeX Font Info:    Overwriting math alphabet `\mathcal' in version `bold'
(Font)                  OMS/MnSymbolS/m/n --> OMS/MnSymbolS/b/n on input line 2
41.
LaTeX Info: Redefining \longrightarrow on input line 548.
LaTeX Info: Redefining \longleftarrow on input line 549.
LaTeX Info: Redefining \longleftrightarrow on input line 550.
LaTeX Info: Redefining \Longrightarrow on input line 551.
LaTeX Info: Redefining \Longleftarrow on input line 552.
LaTeX Info: Redefining \Longleftrightarrow on input line 553.
LaTeX Info: Redefining \longmapsto on input line 554.
LaTeX Info: Redefining \vdots on input line 868.
LaTeX Font Info:    Redeclaring math symbol \braceld on input line 1721.
LaTeX Font Info:    Redeclaring math symbol \bracelu on input line 1722.
LaTeX Font Info:    Redeclaring math symbol \bracerd on input line 1723.
LaTeX Font Info:    Redeclaring math symbol \braceru on input line 1724.
LaTeX Info: Redefining \downbracefill on input line 1799.
LaTeX Info: Redefining \upbracefill on input line 1800.
LaTeX Info: Redefining \overbrace on input line 1819.
LaTeX Info: Redefining \underbrace on input line 1820.
LaTeX Info: Redefining \surd on input line 1843.
LaTeX Font Info:    Redeclaring math accent \widehat on input line 1845.
LaTeX Font Info:    Redeclaring math accent \widetilde on input line 1846.
LaTeX Font Info:    Redeclaring math accent \vec on input line 1848.
)
No file rsbib_paper.aux.
\openout1 = `rsbib_paper.aux'.

LaTeX Font Info:    Checking defaults for OML/cmm/m/it on input line 96.
LaTeX Font Info:    ... okay on input line 96.
LaTeX Font Info:    Checking defaults for T1/cmr/m/n on input line 96.
LaTeX Font Info:    ... okay on input line 96.
LaTeX Font Info:    Checking defaults for OT1/cmr/m/n on input line 96.
LaTeX Font Info:    ... okay on input line 96.
LaTeX Font Info:    Checking defaults for OMS/cmsy/m/n on input line 96.
LaTeX Font Info:    ... okay on input line 96.
LaTeX Font Info:    Checking defaults for OMX/cmex/m/n on input line 96.
LaTeX Font Info:    ... okay on input line 96.
LaTeX Font Info:    Checking defaults for U/cmr/m/n on input line 96.
LaTeX Font Info:    ... okay on input line 96.
LaTeX Font Info:    Checking defaults for PD1/pdf/m/n on input line 96.
LaTeX Font Info:    ... okay on input line 96.
LaTeX Font Info:    Checking defaults for TS1/cmr/m/n on input line 96.
LaTeX Font Info:    Try loading font information for TS1+cmr on input line 96.
(/usr/local/texlive/2012/texmf-dist/tex/latex/base/ts1cmr.fd
File: ts1cmr.fd 1999/05/25 v2.5h Standard LaTeX font definitions
)
LaTeX Font Info:    ... okay on input line 96.

(/usr/local/texlive/2012/texmf-dist/tex/context/base/supp-pdf.mkii
[Loading MPS to PDF converter (version 2006.09.02).]
\scratchcounter=\count137
\scratchdimen=\dimen143
\scratchbox=\box37
\nofMPsegments=\count138
\nofMParguments=\count139
\everyMPshowfont=\toks27
\MPscratchCnt=\count140
\MPscratchDim=\dimen144
\MPnumerator=\count141
\makeMPintoPDFobject=\count142
\everyMPtoPDFconversion=\toks28
) (/usr/local/texlive/2012/texmf-dist/tex/latex/oberdiek/epstopdf-base.sty
Package: epstopdf-base 2010/02/09 v2.5 Base part for package epstopdf

(/usr/local/texlive/2012/texmf-dist/tex/latex/oberdiek/grfext.sty
Package: grfext 2010/08/19 v1.1 Manage graphics extensions (HO)
)
Package grfext Info: Graphics extension search list:
(grfext)             [.png,.pdf,.jpg,.mps,.jpeg,.jbig2,.jb2,.PNG,.PDF,.JPG,.JPE
G,.JBIG2,.JB2,.eps]
(grfext)             \AppendGraphicsExtensions on input line 452.

(/usr/local/texlive/2012/texmf-dist/tex/latex/latexconfig/epstopdf-sys.cfg
File: epstopdf-sys.cfg 2010/07/13 v1.3 Configuration of (r)epstopdf for TeX Liv
e
))
*geometry* driver: auto-detecting
*geometry* detected driver: pdftex
*geometry* verbose mode - [ preamble ] result:
* driver: pdftex
* paper: custom
* layout: <same size as paper>
* layoutoffset:(h,v)=(0.0pt,0.0pt)
* hratio: 1:1
* vratio: 1:1
* modes: 
* h-part:(L,W,R)=(37.75394pt, 522.0pt, 37.75394pt)
* v-part:(T,H,B)=(81.52342pt, 682.0pt, 81.52342pt)
* \paperwidth=597.50787pt
* \paperheight=845.04684pt
* \textwidth=522.0pt
* \textheight=682.0pt
* \oddsidemargin=-34.51605pt
* \evensidemargin=-34.51605pt
* \topmargin=-52.74657pt
* \headheight=50.0pt
* \headsep=12.0pt
* \topskip=12.0pt
* \footskip=18.0pt
* \marginparwidth=44.0pt
* \marginparsep=10.0pt
* \columnsep=18.0pt
* \skip\footins=24.0pt plus 2.0pt minus 12.0pt
* \hoffset=0.0pt
* \voffset=0.0pt
* \mag=1000
* \@twocolumntrue
* \@twosidefalse
* \@mparswitchfalse
* \@reversemarginfalse
* (1in=72.27pt=25.4mm, 1cm=28.453pt)

\AtBeginShipoutBox=\box38
Package hyperref Info: Link coloring ON on input line 96.
(/usr/local/texlive/2012/texmf-dist/tex/latex/hyperref/nameref.sty
Package: nameref 2010/04/30 v2.40 Cross-referencing by name of section

(/usr/local/texlive/2012/texmf-dist/tex/generic/oberdiek/gettitlestring.sty
Package: gettitlestring 2010/12/03 v1.4 Cleanup title references (HO)
)
\c@section@level=\count143
)
LaTeX Info: Redefining \ref on input line 96.
LaTeX Info: Redefining \pageref on input line 96.
LaTeX Info: Redefining \nameref on input line 96.
LaTeX Font Info:    Try loading font information for U+msa on input line 139.

(/usr/local/texlive/2012/texmf-dist/tex/latex/amsfonts/umsa.fd
File: umsa.fd 2009/06/22 v3.00 AMS symbols A
)
LaTeX Font Info:    Try loading font information for U+msb on input line 139.

(/usr/local/texlive/2012/texmf-dist/tex/latex/amsfonts/umsb.fd
File: umsb.fd 2009/06/22 v3.00 AMS symbols B
)
Underfull \hbox (badness 10000) in paragraph at lines 139--139
[][]\OT1/cmr/m/n/10 Corresponding au-thor:
 []


Package natbib Warning: Citation `Biswal1995' on page 1 undefined on input line
 146.

Missing character: There is no ‚ in font cmr12!
Missing character: There is no Ä in font cmr12!
Missing character: There is no ô in font cmr12!

Package natbib Warning: Citation `Lund2001' on page 1 undefined on input line 1
51.


Package natbib Warning: Citation `Morcom2007' on page 1 undefined on input line
 151.


Package natbib Warning: Citation `Fox2010' on page 1 undefined on input line 15
3.


Package natbib Warning: Citation `Kelly2012' on page 1 undefined on input line 
153.


Package natbib Warning: Citation `Pritchard1969' on page 1 undefined on input l
ine 165.


Underfull \hbox (badness 10000) in paragraph at lines 179--189
[]\OT1/cmr/m/n/12 This au-to-mated sta-tis-ti-cal anal-y-sis of
 []


Underfull \hbox (badness 10000) in paragraph at lines 179--189
\OT1/cmr/m/n/12 R-fMRI lit-er-a-ture in-cor-po-rated in-for-ma-tion
 []


Underfull \hbox (badness 3333) in paragraph at lines 179--189
\OT1/cmr/m/n/12 from the CMI li-brar-ian database, PubMed
 []


Underfull \hbox (badness 2027) in paragraph at lines 179--189
\OT1/cmr/m/n/12 were per-formed to iden-tify pub-li-ca-tions and
 []


Underfull \hbox (badness 3954) in paragraph at lines 179--189
\OT1/cmr/m/n/12 to iden-tify ex-per-i-men-tal meth-ods, cog-ni-tive
 []


Underfull \hbox (badness 3098) in paragraph at lines 179--189
\OT1/cmr/m/n/12 most com-monly dis-cussed in the lit-er-a-ture.
 []

[1{/usr/local/texlive/2012/texmf-var/fonts/map/pdftex/updmap/pdftex.map}


]
Underfull \hbox (badness 10000) in paragraph at lines 194--219
\OT1/cmtt/m/n/12 state fMRI'' OR ``intrinsic functional
 []


Underfull \hbox (badness 10000) in paragraph at lines 194--219
\OT1/cmtt/m/n/12 connectivity'' OR ``rest AND functional
 []


Underfull \hbox (badness 10000) in paragraph at lines 194--219
\OT1/cmtt/m/n/12 connectivity'' OR ``fmri AND default
 []


Underfull \hbox (badness 1910) in paragraph at lines 194--219
\OT1/cmr/m/n/12 the spe-cific dis-or-der/population. The \OT1/cmr/m/it/12 ba-si
c
 []


Underfull \hbox (badness 1215) in paragraph at lines 194--219
\OT1/cmr/m/n/12 cat-e-go-rized as \OT1/cmr/m/it/12 brain and be-hav-ior\OT1/cmr
/m/n/12 , \OT1/cmr/m/it/12 func-tional
 []


Underfull \hbox (badness 4608) in paragraph at lines 194--219
\OT1/cmr/m/n/12 (\OT1/cmr/m/it/12 review/meta-analysis\OT1/cmr/m/n/12 ) and pa-
pers that use
 []


Underfull \hbox (badness 1400) in paragraph at lines 194--219
\OT1/cmr/m/n/12 data from the 1000 Func-tional Con-nec-tomes
 []


Underfull \hbox (badness 2326) in paragraph at lines 194--219
\OT1/cmr/m/n/12 and In-ter-na-tional Neu-roimag-ing Data-sharing
 []

Missing character: There is no ‚ in font cmr12!
Missing character: There is no Ä in font cmr12!
Missing character: There is no ô in font cmr12!

Underfull \hbox (badness 10000) in paragraph at lines 221--231
\OT1/cmtt/m/n/12 or ``functional magnetic resonance
 []


Underfull \hbox (badness 10000) in paragraph at lines 221--231
\OT1/cmtt/m/n/12 imaging'') and (``YEAR''[Publication
 []

Missing character: There is no ‚ in font cmr12!
Missing character: There is no Ä in font cmr12!
Missing character: There is no ô in font cmr12!
Missing character: There is no ‚ in font cmr12!
Missing character: There is no Ä in font cmr12!
Missing character: There is no ô in font cmr12!
Missing character: There is no ‚ in font cmr12!
Missing character: There is no Ä in font cmr12!
Missing character: There is no ô in font cmr12!

Package natbib Warning: Citation `Gastner2004' on page 2 undefined on input lin
e 253.


Underfull \hbox (badness 1527) in paragraph at lines 250--258
[]\OT1/cmr/m/n/12 Using ad-dress in-for-ma-tion from the CMI
 []


Underfull \hbox (badness 1789) in paragraph at lines 250--258
\OT1/cmr/m/n/12 Li-brar-ian, a density-equalizing map, or car-
 []


Underfull \hbox (badness 3460) in paragraph at lines 250--258
\OT1/cmr/m/n/12 togram, was gen-er-ated on the pub-li-ca-tions
 []

[2]
Missing character: There is no ‚ in font cmr12!
Missing character: There is no Ä in font cmr12!
Missing character: There is no ô in font cmr12!
Missing character: There is no ‚ in font cmr12!
Missing character: There is no Ä in font cmr12!
Missing character: There is no ô in font cmr12!

Underfull \hbox (badness 1194) in paragraph at lines 260--266
\OT1/cmr/m/n/12 der this model, a terms sig-nif-i-cance can be
 []


Package natbib Warning: Citation `Poldrack2011' on page 3 undefined on input li
ne 268.


Package natbib Warning: Citation `Quinlan86' on page 3 undefined on input line 
292.


Underfull \hbox (badness 10000) in paragraph at lines 285--302
[]\OT1/cmr/m/n/12 A Na^^?^^Pve Bayes model was used
 []


Underfull \hbox (badness 10000) in paragraph at lines 285--302
\OT1/cmr/m/n/12 to de-ter-mine the preva-lence of var-i-
 []


Underfull \hbox (badness 10000) in paragraph at lines 285--302
\OT1/cmr/m/n/12 ous anal-y-sis meth-ods in the lit-er-a-ture.
 []


Underfull \hbox (badness 10000) in paragraph at lines 285--302
[][][][][][]
 []


Underfull \hbox (badness 1953) in paragraph at lines 285--302
\OT1/cmr/m/n/12 ICA, clus-ter-ing, graph the-ory, and ma-chine
 []


Underfull \hbox (badness 1430) in paragraph at lines 285--302
\OT1/cmr/m/n/12 to the fre-quency of each term con-tained in
 []


Underfull \hbox (badness 1721) in paragraph at lines 285--302
\OT1/cmr/m/n/12 ($[] []$) were used to pre-vent a sin-gle term
 []


Package natbib Warning: Citation `Watts1998' on page 3 undefined on input line 
306.

Missing character: There is no ‚ in font cmr12!
Missing character: There is no ‚ in font cmr12!

Underfull \hbox (badness 10000) in paragraph at lines 310--322
\OT1/cmr/m/n/12 (http://docs.python.org/2/library/difflib.html).
 []


Underfull \hbox (badness 1028) in paragraph at lines 310--322
\OT1/cmr/m/n/12 sim-i-lar-ity be-tween strings). Of 20,541 to-tal
 []

[3]

Package natbib Warning: Citation `Hagberg2008' on page 4 undefined on input lin
e 326.


Package natbib Warning: Citation `Page1999' on page 4 undefined on input line 3
28.


Package natbib Warning: Citation `Quenouille1956' on page 4 undefined on input 
line 340.

Missing character: There is no ‚ in font cmr12!
Missing character: There is no Ä in font cmr12!
Missing character: There is no ô in font cmr12!

LaTeX Warning: Reference `fig:overallgrowth' on page 4 undefined on input line 
400.

[4] <figures/overall_growth.pdf, id=56, 226.8475pt x 289.08pt>
File: figures/overall_growth.pdf Graphic file (type pdf)

<use figures/overall_growth.pdf>
Package pdftex.def Info: figures/overall_growth.pdf used on input line 408.
(pdftex.def)             Requested size: 226.84694pt x 289.07928pt.


LaTeX Warning: Reference `fig:journal_dist' on page 5 undefined on input line 4
19.

<figures/journal_dist.pdf, id=57, 523.9575pt x 289.08pt>
File: figures/journal_dist.pdf Graphic file (type pdf)

<use figures/journal_dist.pdf>
Package pdftex.def Info: figures/journal_dist.pdf used on input line 434.
(pdftex.def)             Requested size: 523.95622pt x 289.07928pt.

Overfull \hbox (1.95622pt too wide) in paragraph at lines 434--439
 [] 
 []


LaTeX Warning: Reference `fig:resting_state_map' on page 5 undefined on input l
ine 444.


Underfull \hbox (badness 3219) in paragraph at lines 443--449
[]\OT1/cmr/m/n/12 The density-equalizing map is shown in
 []


Underfull \hbox (badness 1509) in paragraph at lines 443--449
\OT1/cmr/m/n/12 United States of Amer-ica, United King-dom,
 []

<figures/resting_state_map.pdf, id=58, 818.1074pt x 448.70468pt>
File: figures/resting_state_map.pdf Graphic file (type pdf)

<use figures/resting_state_map.pdf>
Package pdftex.def Info: figures/resting_state_map.pdf used on input line 454.
(pdftex.def)             Requested size: 469.79681pt x 257.6677pt.


LaTeX Warning: Reference `fig:clinical_bytag_hist' on page 5 undefined on input
 line 488.


LaTeX Warning: Reference `tagfreqtable' on page 5 undefined on input line 489.

<figures/clinical_bytag_hist.pdf, id=59, 523.9575pt x 289.08pt>
File: figures/clinical_bytag_hist.pdf Graphic file (type pdf)

<use figures/clinical_bytag_hist.pdf>
Package pdftex.def Info: figures/clinical_bytag_hist.pdf used on input line 498
.
(pdftex.def)             Requested size: 523.95622pt x 289.07928pt.

Overfull \hbox (1.95622pt too wide) in paragraph at lines 498--502
 [] 
 []


LaTeX Warning: Reference `fig:tfidf_top' on page 5 undefined on input line 508.


<figures/tfidf_top.pdf, id=60, 523.9575pt x 216.81pt>
File: figures/tfidf_top.pdf Graphic file (type pdf)

<use figures/tfidf_top.pdf>
Package pdftex.def Info: figures/tfidf_top.pdf used on input line 519.
(pdftex.def)             Requested size: 523.95622pt x 216.80946pt.

Overfull \hbox (1.95622pt too wide) in paragraph at lines 519--523
 [] 
 []


LaTeX Warning: Reference `table:nbaccuracy' on page 5 undefined on input line 5
30.


LaTeX Warning: Reference `table:chisquare' on page 5 undefined on input line 55
1.


LaTeX Warning: Reference `fig:methods_growth_hist' on page 5 undefined on input
 line 594.

[5 <./figures/overall_growth.pdf>] [6 <./figures/journal_dist.pdf> <./figures/r
esting_state_map.pdf>] [7 <./figures/clinical_bytag_hist.pdf> <./figures/tfidf_
top.pdf>] <figures/methods_growth_hist.pdf, id=108, 226.8475pt x 289.08pt>
File: figures/methods_growth_hist.pdf Graphic file (type pdf)

<use figures/methods_growth_hist.pdf>
Package pdftex.def Info: figures/methods_growth_hist.pdf used on input line 605
.
(pdftex.def)             Requested size: 226.84694pt x 289.07928pt.

<figures/connected_after_removing.pdf, id=109, 226.8475pt x 289.08pt>
File: figures/connected_after_removing.pdf Graphic file (type pdf)

<use figures/connected_after_removing.pdf>
Package pdftex.def Info: figures/connected_after_removing.pdf used on input lin
e 618.
(pdftex.def)             Requested size: 226.84694pt x 289.07928pt.

Overfull \hbox (1.81438pt too wide) in paragraph at lines 632--632
[]|\OT1/cmr/m/n/12 Year| 
 []


Package natbib Warning: Citation `Raichle2001' on page 8 undefined on input lin
e 636.


Overfull \hbox (1.81854pt too wide) in paragraph at lines 636--636
[]|\OT1/cmr/m/n/12 2001| 
 []


Overfull \hbox (3.35222pt too wide) in paragraph at lines 637--637
[]|[]\OT1/cmr/m/n/12 MISSING[]| 
 []


Package natbib Warning: Citation `Biswal1995' on page 8 undefined on input line
 639.


Overfull \hbox (1.81854pt too wide) in paragraph at lines 639--639
[]|\OT1/cmr/m/n/12 1995| 
 []


Overfull \hbox (3.35222pt too wide) in paragraph at lines 640--640
[]|[]\OT1/cmr/m/n/12 MISSING[]| 
 []


Package natbib Warning: Citation `Greicius2003' on page 8 undefined on input li
ne 643.


Overfull \hbox (1.81854pt too wide) in paragraph at lines 643--643
[]|\OT1/cmr/m/n/12 2003| 
 []


Overfull \hbox (3.35222pt too wide) in paragraph at lines 644--644
[]|[]\OT1/cmr/m/n/12 MISSING[]| 
 []


Package natbib Warning: Citation `Damoiseaux2006' on page 8 undefined on input 
line 646.


Overfull \hbox (1.81854pt too wide) in paragraph at lines 646--646
[]|\OT1/cmr/m/n/12 2006| 
 []


Overfull \hbox (3.35222pt too wide) in paragraph at lines 647--647
[]|[]\OT1/cmr/m/n/12 MISSING[]| 
 []


Package natbib Warning: Citation `Beckmann2005' on page 8 undefined on input li
ne 650.


Overfull \hbox (1.81854pt too wide) in paragraph at lines 650--650
[]|\OT1/cmr/m/n/12 2005| 
 []


Overfull \hbox (3.35222pt too wide) in paragraph at lines 651--651
[]|[]\OT1/cmr/m/n/12 MISSING[]| 
 []


Package natbib Warning: Citation `Lowe1998' on page 8 undefined on input line 6
54.


Overfull \hbox (1.81854pt too wide) in paragraph at lines 654--654
[]|\OT1/cmr/m/n/12 1998| 
 []


Overfull \hbox (3.35222pt too wide) in paragraph at lines 655--655
[]|[]\OT1/cmr/m/n/12 MISSING[]| 
 []


Package natbib Warning: Citation `Greicius2004' on page 8 undefined on input li
ne 658.


Overfull \hbox (1.81854pt too wide) in paragraph at lines 658--658
[]|\OT1/cmr/m/n/12 2004| 
 []


Overfull \hbox (3.35222pt too wide) in paragraph at lines 659--659
[]|[]\OT1/cmr/m/n/12 MISSING[]| 
 []


Package natbib Warning: Citation `Biswal2010' on page 8 undefined on input line
 661.


Overfull \hbox (1.81854pt too wide) in paragraph at lines 661--661
[]|\OT1/cmr/m/n/12 2010| 
 []


Overfull \hbox (3.35222pt too wide) in paragraph at lines 662--662
[]|[]\OT1/cmr/m/n/12 MISSING[]| 
 []


Package natbib Warning: Citation `Seeley2007' on page 8 undefined on input line
 664.


Overfull \hbox (1.81854pt too wide) in paragraph at lines 664--664
[]|\OT1/cmr/m/n/12 2007| 
 []


Overfull \hbox (3.35222pt too wide) in paragraph at lines 665--665
[]|[]\OT1/cmr/m/n/12 MISSING[]| 
 []


Overfull \hbox (0.90982pt too wide) in paragraph at lines 666--666
[]|\OT1/cmr/m/n/12 10| 
 []


Package natbib Warning: Citation `Vincent2007' on page 8 undefined on input lin
e 667.


Overfull \hbox (1.81854pt too wide) in paragraph at lines 667--667
[]|\OT1/cmr/m/n/12 2007| 
 []


Overfull \hbox (3.35222pt too wide) in paragraph at lines 668--668
[]|[]\OT1/cmr/m/n/12 MISSING[]| 
 []


Overfull \hbox (10.15494pt too wide) in paragraph at lines 631--671
[][] 
 []


LaTeX Warning: Reference `table:pub_pageranks' on page 8 undefined on input lin
e 677.


Overfull \hbox (15.83174pt too wide) in paragraph at lines 677--678
[][][][][][][] 
 []


LaTeX Warning: Reference `fig:connected_after_removing' on page 8 undefined on 
input line 709.

[8 <./figures/methods_growth_hist.pdf> <./figures/connected_after_removing.pdf>
]
Underfull \hbox (badness 1466) in paragraph at lines 725--727
[]\OT1/cmr/m/n/12 Tianzi Jiang (35), Kun-Cheng Li (27),
 []


Underfull \hbox (badness 2134) in paragraph at lines 729--732
\OT1/cmr/m/n/12 tersen (16), Alexan-der L. Co-hen (13),
 []


Overfull \hbox (17.62482pt too wide) in paragraph at lines 748--749
[][][][][][][] 
 []

Missing character: There is no ‚ in font cmr12!
Missing character: There is no Ä in font cmr12!
Missing character: There is no ú in font cmr12!
Missing character: There is no ‚ in font cmr12!
Missing character: There is no Ä in font cmr12!
Missing character: There is no ù in font cmr12!
[9]
Missing character: There is no ‚ in font cmr12!
Missing character: There is no Ä in font cmr12!
Missing character: There is no ô in font cmr12!

Underfull \hbox (badness 2173) in paragraph at lines 769--785
\OT1/cmr/m/n/12 such as in [][][][][][]
 []


Underfull \hbox (badness 2452) in paragraph at lines 769--785
\OT1/cmr/m/n/12 si-ble ex-ten-sion of this re-search is to iden-
 []


Underfull \hbox (badness 1270) in paragraph at lines 769--785
\OT1/cmr/m/n/12 tify com-mon terms across sci-en-tific fields to
 []


Underfull \hbox (badness 4505) in paragraph at lines 769--785
\OT1/cmr/m/n/12 de-ter-mine, for ex-am-ple, whether par-tic-u-lar
 []


Underfull \hbox (badness 5924) in paragraph at lines 769--785
\OT1/cmr/m/n/12 genes can af-fect PFC and PCC func-tion
 []

Missing character: There is no ‚ in font cmr12!
Missing character: There is no Ä in font cmr12!
Missing character: There is no ô in font cmr12!
Missing character: There is no ‚ in font cmr12!
Missing character: There is no Ä in font cmr12!
Missing character: There is no ô in font cmr12!
Missing character: There is no ‚ in font cmr12!
Missing character: There is no Ä in font cmr12!
Missing character: There is no ô in font cmr12!
Missing character: There is no ‚ in font cmr12!
Missing character: There is no Ä in font cmr12!
Missing character: There is no ô in font cmr12!

Package natbib Warning: Citation `Watts1998' on page 10 undefined on input line
 807.

[10]
Missing character: There is no ‚ in font cmr12!
Missing character: There is no Ä in font cmr12!
Missing character: There is no ô in font cmr12!


Package natbib Warning: Citation `Biswal1995' on page 11 undefined on input lin
e 834.


Underfull \hbox (badness 2165) in paragraph at lines 832--846
[]\OT1/cmr/m/n/12 The pub-li-ca-tion with the sec-ond high-est
 []


Underfull \hbox (badness 1158) in paragraph at lines 832--846
\OT1/cmr/m/n/12 echo-planar MRI'' (1995)[\OT1/cmr/bx/n/12 ? \OT1/cmr/m/n/12 ], 
demon-strated
 []


Underfull \hbox (badness 4492) in paragraph at lines 832--846
\OT1/cmr/m/n/12 func-tional con-nec-tiv-ity in spon-ta-neous, low
 []


Underfull \hbox (badness 5578) in paragraph at lines 832--846
\OT1/cmr/m/n/12 fre-quency ac-tiv-ity mea-sured us-ing R-fMRI.
 []


Overfull \hbox (3.26385pt too wide) in paragraph at lines 832--846
[][][][][][]\OT1/cmr/m/n/12 . 
 []

Missing character: There is no ‚ in font cmr12!
Missing character: There is no Ä in font cmr12!
Missing character: There is no ô in font cmr12!
Missing character: There is no ‚ in font cmr12!
Missing character: There is no Ä in font cmr12!
Missing character: There is no ô in font cmr12!
Missing character: There is no ‚ in font cmr12!
Missing character: There is no Ä in font cmr12!
Missing character: There is no ô in font cmr12!
Missing character: There is no ‚ in font cmr12!
Missing character: There is no Ä in font cmr12!
Missing character: There is no ô in font cmr12!

Underfull \hbox (badness 4505) in paragraph at lines 858--868
[]\OT1/cmr/m/n/12 These dis-parate con-tri-bu-tions from neu-
 []

Missing character: There is no ‚ in font cmr12!
Missing character: There is no Ä in font cmr12!
Missing character: There is no ô in font cmr12!
Missing character: There is no ‚ in font cmr12!
Missing character: There is no Ä in font cmr12!
Missing character: There is no ô in font cmr12!
Missing character: There is no ‚ in font cmr12!
Missing character: There is no Ä in font cmr12!
Missing character: There is no ô in font cmr12!
Missing character: There is no ‚ in font cmr12!
Missing character: There is no Ä in font cmr12!
Missing character: There is no ô in font cmr12!
Missing character: There is no ‚ in font cmr12!
Missing character: There is no Ä in font cmr12!
Missing character: There is no î in font cmr12!
Missing character: There is no ‚ in font cmr12!
Missing character: There is no Ä in font cmr12!
Missing character: There is no î in font cmr12!
[11]
No file rsbib_paper.bbl.

Package natbib Warning: There were undefined citations.

Package atveryend Info: Empty hook `BeforeClearDocument' on input line 906.
[12] [13

]
Package atveryend Info: Empty hook `AfterLastShipout' on input line 906.
 (./rsbib_paper.aux)
Package atveryend Info: Executing hook `AtVeryEndDocument' on input line 906.
Package atveryend Info: Empty hook `AtEndAfterFileList' on input line 906.


LaTeX Warning: There were undefined references.


LaTeX Warning: Label(s) may have changed. Rerun to get cross-references right.

Package atveryend Info: Empty hook `AtVeryVeryEnd' on input line 906.
 ) 
Here is how much of TeX's memory you used:
 10149 strings out of 493488
 141814 string characters out of 3141326
 246169 words of memory out of 3000000
 13212 multiletter control sequences out of 15000+200000
 27040 words of font info for 94 fonts, out of 3000000 for 9000
 957 hyphenation exceptions out of 8191
 41i,14n,37p,343b,333s stack positions out of 5000i,500n,10000p,200000b,50000s
{/usr/local/texlive/2012/texmf-dist/fonts/enc/dvips/mnsymbol/MnSymbolC.enc}{/
usr/local/texlive/2012/texmf-dist/fonts/enc/dvips/mnsymbol/MnSymbolA.enc}{/usr/
local/texlive/2012/texmf-dist/fonts/enc/dvips/mnsymbol/MnSymbolE.enc}{/usr/loca
l/texlive/2012/texmf-dist/fonts/enc/dvips/mnsymbol/MnSymbolD.enc}{/usr/local/te
xlive/2012/texmf-dist/fonts/enc/dvips/mnsymbol/MnSymbolF.enc}</usr/local/texliv
e/2012/texmf-dist/fonts/type1/public/mnsymbol/MnSymbol12.pfb></usr/local/texliv
e/2012/texmf-dist/fonts/type1/public/mnsymbol/MnSymbol7.pfb></usr/local/texlive
/2012/texmf-dist/fonts/type1/public/mnsymbol/MnSymbol8.pfb></usr/local/texlive/
2012/texmf-dist/fonts/type1/public/amsfonts/cm/cmbx12.pfb></usr/local/texlive/2
012/texmf-dist/fonts/type1/public/amsfonts/cm/cmmi10.pfb></usr/local/texlive/20
12/texmf-dist/fonts/type1/public/amsfonts/cm/cmmi12.pfb></usr/local/texlive/201
2/texmf-dist/fonts/type1/public/amsfonts/cm/cmmi6.pfb></usr/local/texlive/2012/
texmf-dist/fonts/type1/public/amsfonts/cm/cmmi8.pfb></usr/local/texlive/2012/te
xmf-dist/fonts/type1/public/amsfonts/cm/cmr10.pfb></usr/local/texlive/2012/texm
f-dist/fonts/type1/public/amsfonts/cm/cmr12.pfb></usr/local/texlive/2012/texmf-
dist/fonts/type1/public/amsfonts/cm/cmr17.pfb></usr/local/texlive/2012/texmf-di
st/fonts/type1/public/amsfonts/cm/cmr7.pfb></usr/local/texlive/2012/texmf-dist/
fonts/type1/public/amsfonts/cm/cmr8.pfb></usr/local/texlive/2012/texmf-dist/fon
ts/type1/public/amsfonts/cm/cmti10.pfb></usr/local/texlive/2012/texmf-dist/font
s/type1/public/amsfonts/cm/cmti12.pfb></usr/local/texlive/2012/texmf-dist/fonts
/type1/public/amsfonts/cm/cmti7.pfb></usr/local/texlive/2012/texmf-dist/fonts/t
ype1/public/amsfonts/cm/cmtt12.pfb>
Output written on rsbib_paper.pdf (13 pages, 569910 bytes).
PDF statistics:
 242 PDF objects out of 1000 (max. 8388607)
 200 compressed objects within 2 object streams
 55 named destinations out of 1000 (max. 500000)
 36 words of extra memory for PDF output out of 10000 (max. 10000000)

